1577131206385	mozrunner::runner	INFO	Running command: "/usr/bin/firefox" "-marionette" "-foreground" "-no-remote" "-profile" "/tmp/rust_mozprofileZBGJsy"
1577131207803	addons.webextension.screenshots@mozilla.org	WARN	Loading extension 'screenshots@mozilla.org': Reading manifest: Invalid extension permission: mozillaAddons
1577131207803	addons.webextension.screenshots@mozilla.org	WARN	Loading extension 'screenshots@mozilla.org': Reading manifest: Invalid extension permission: telemetry
1577131207804	addons.webextension.screenshots@mozilla.org	WARN	Loading extension 'screenshots@mozilla.org': Reading manifest: Invalid extension permission: resource://pdf.js/
1577131207804	addons.webextension.screenshots@mozilla.org	WARN	Loading extension 'screenshots@mozilla.org': Reading manifest: Invalid extension permission: about:reader*
1577131211193	Marionette	INFO	Listening on port 40273
1577131211238	Marionette	WARN	TLS certificate errors will be ignored for this session
1577131222250	Marionette	INFO	Stopped listening on port 40273
1577131229984	mozrunner::runner	INFO	Running command: "/usr/bin/firefox" "-marionette" "-foreground" "-no-remote" "-profile" "/tmp/rust_mozprofileexSOB4"
1577131230681	addons.webextension.screenshots@mozilla.org	WARN	Loading extension 'screenshots@mozilla.org': Reading manifest: Invalid extension permission: mozillaAddons
1577131230681	addons.webextension.screenshots@mozilla.org	WARN	Loading extension 'screenshots@mozilla.org': Reading manifest: Invalid extension permission: telemetry
1577131230682	addons.webextension.screenshots@mozilla.org	WARN	Loading extension 'screenshots@mozilla.org': Reading manifest: Invalid extension permission: resource://pdf.js/
1577131230682	addons.webextension.screenshots@mozilla.org	WARN	Loading extension 'screenshots@mozilla.org': Reading manifest: Invalid extension permission: about:reader*
1577131233091	Marionette	INFO	Listening on port 36007
1577131233207	Marionette	WARN	TLS certificate errors will be ignored for this session
Attempting load of libEGL.so
IPDL protocol error: Handler returned error code!

###!!! [Parent][DispatchAsyncMessage] Error: PLayerTransaction::Msg_ReleaseLayer Processing error: message was deserialized, but the handler returned false (indicating failure)

1577131268042	Marionette	INFO	Stopped listening on port 36007
1577131637042	mozrunner::runner	INFO	Running command: "/usr/bin/firefox" "-marionette" "-foreground" "-no-remote" "-profile" "/tmp/rust_mozprofileTp6DK5"
1577131637724	addons.webextension.screenshots@mozilla.org	WARN	Loading extension 'screenshots@mozilla.org': Reading manifest: Invalid extension permission: mozillaAddons
1577131637724	addons.webextension.screenshots@mozilla.org	WARN	Loading extension 'screenshots@mozilla.org': Reading manifest: Invalid extension permission: telemetry
1577131637724	addons.webextension.screenshots@mozilla.org	WARN	Loading extension 'screenshots@mozilla.org': Reading manifest: Invalid extension permission: resource://pdf.js/
1577131637724	addons.webextension.screenshots@mozilla.org	WARN	Loading extension 'screenshots@mozilla.org': Reading manifest: Invalid extension permission: about:reader*
1577131640206	Marionette	INFO	Listening on port 33191
1577131640255	Marionette	WARN	TLS certificate errors will be ignored for this session
Attempting load of libEGL.so
1577131687109	mozrunner::runner	INFO	Running command: "/usr/bin/firefox" "-marionette" "-foreground" "-no-remote" "-profile" "/tmp/rust_mozprofilecnSBZk"
1577131687801	addons.webextension.screenshots@mozilla.org	WARN	Loading extension 'screenshots@mozilla.org': Reading manifest: Invalid extension permission: mozillaAddons
1577131687801	addons.webextension.screenshots@mozilla.org	WARN	Loading extension 'screenshots@mozilla.org': Reading manifest: Invalid extension permission: telemetry
1577131687801	addons.webextension.screenshots@mozilla.org	WARN	Loading extension 'screenshots@mozilla.org': Reading manifest: Invalid extension permission: resource://pdf.js/
1577131687801	addons.webextension.screenshots@mozilla.org	WARN	Loading extension 'screenshots@mozilla.org': Reading manifest: Invalid extension permission: about:reader*
1577131690870	Marionette	INFO	Listening on port 33613
1577131690952	Marionette	WARN	TLS certificate errors will be ignored for this session
JavaScript error: https://start.fedoraproject.org/, line 292: TypeError: $(...).uls is not a function
Attempting load of libEGL.so
[Parent 8566, Gecko_IOThread] WARNING: pipe error: Broken pipe: file /builddir/build/BUILD/firefox-71.0/ipc/chromium/src/chrome/common/ipc_channel_posix.cc, line 728

###!!! [Child][RunMessage] Error: Channel closing: too late to send/recv, messages will be lost


###!!! [Child][RunMessage] Error: Channel closing: too late to send/recv, messages will be lost

1577131758711	Marionette	INFO	Stopped listening on port 33613
1577131795534	mozrunner::runner	INFO	Running command: "/usr/bin/firefox" "-marionette" "-foreground" "-no-remote" "-profile" "/tmp/rust_mozprofilef2kRWl"
1577131796267	addons.webextension.screenshots@mozilla.org	WARN	Loading extension 'screenshots@mozilla.org': Reading manifest: Invalid extension permission: mozillaAddons
1577131796268	addons.webextension.screenshots@mozilla.org	WARN	Loading extension 'screenshots@mozilla.org': Reading manifest: Invalid extension permission: telemetry
1577131796268	addons.webextension.screenshots@mozilla.org	WARN	Loading extension 'screenshots@mozilla.org': Reading manifest: Invalid extension permission: resource://pdf.js/
1577131796268	addons.webextension.screenshots@mozilla.org	WARN	Loading extension 'screenshots@mozilla.org': Reading manifest: Invalid extension permission: about:reader*
1577131798709	Marionette	INFO	Listening on port 38731
1577131798849	Marionette	WARN	TLS certificate errors will be ignored for this session
Attempting load of libEGL.so
[Parent 8917, Gecko_IOThread] WARNING: pipe error: Broken pipe: file /builddir/build/BUILD/firefox-71.0/ipc/chromium/src/chrome/common/ipc_channel_posix.cc, line 728
1577131864843	mozrunner::runner	INFO	Running command: "/usr/bin/firefox" "-marionette" "-foreground" "-no-remote" "-profile" "/tmp/rust_mozprofileRRFgSn"
1577131865587	addons.webextension.screenshots@mozilla.org	WARN	Loading extension 'screenshots@mozilla.org': Reading manifest: Invalid extension permission: mozillaAddons
1577131865587	addons.webextension.screenshots@mozilla.org	WARN	Loading extension 'screenshots@mozilla.org': Reading manifest: Invalid extension permission: telemetry
1577131865588	addons.webextension.screenshots@mozilla.org	WARN	Loading extension 'screenshots@mozilla.org': Reading manifest: Invalid extension permission: resource://pdf.js/
1577131865588	addons.webextension.screenshots@mozilla.org	WARN	Loading extension 'screenshots@mozilla.org': Reading manifest: Invalid extension permission: about:reader*
1577131868091	Marionette	INFO	Listening on port 37665
1577131868235	Marionette	WARN	TLS certificate errors will be ignored for this session
Attempting load of libEGL.so
[Parent 9182, Gecko_IOThread] WARNING: pipe error: Broken pipe: file /builddir/build/BUILD/firefox-71.0/ipc/chromium/src/chrome/common/ipc_channel_posix.cc, line 728
console.error: (new Error("SessionFile is closed", "resource:///modules/sessionstore/SessionFile.jsm", 433))
1577131911213	Marionette	INFO	Stopped listening on port 37665
1577131922788	mozrunner::runner	INFO	Running command: "/usr/bin/firefox" "-marionette" "-foreground" "-no-remote" "-profile" "/tmp/rust_mozprofileUu37q9"
1577131923481	addons.webextension.screenshots@mozilla.org	WARN	Loading extension 'screenshots@mozilla.org': Reading manifest: Invalid extension permission: mozillaAddons
1577131923481	addons.webextension.screenshots@mozilla.org	WARN	Loading extension 'screenshots@mozilla.org': Reading manifest: Invalid extension permission: telemetry
1577131923481	addons.webextension.screenshots@mozilla.org	WARN	Loading extension 'screenshots@mozilla.org': Reading manifest: Invalid extension permission: resource://pdf.js/
1577131923482	addons.webextension.screenshots@mozilla.org	WARN	Loading extension 'screenshots@mozilla.org': Reading manifest: Invalid extension permission: about:reader*
1577131925930	Marionette	INFO	Listening on port 40571
1577131926041	Marionette	WARN	TLS certificate errors will be ignored for this session
Attempting load of libEGL.so
[Parent 9447, Gecko_IOThread] WARNING: pipe error: Broken pipe: file /builddir/build/BUILD/firefox-71.0/ipc/chromium/src/chrome/common/ipc_channel_posix.cc, line 728
1577131949535	Marionette	INFO	Stopped listening on port 40571
[Parent 8317, Gecko_IOThread] WARNING: pipe error (80): Connection reset by peer: file /builddir/build/BUILD/firefox-71.0/ipc/chromium/src/chrome/common/ipc_channel_posix.cc, line 358
[Parent 8317, Gecko_IOThread] WARNING: pipe error (94): Connection reset by peer: file /builddir/build/BUILD/firefox-71.0/ipc/chromium/src/chrome/common/ipc_channel_posix.cc, line 358
1577132015776	Marionette	INFO	Stopped listening on port 33191
1577132043618	Marionette	INFO	Stopped listening on port 38731
1577132150994	mozrunner::runner	INFO	Running command: "/usr/bin/firefox" "-marionette" "-foreground" "-no-remote" "-profile" "/tmp/rust_mozprofileV72Wps"
1577132151677	addons.webextension.screenshots@mozilla.org	WARN	Loading extension 'screenshots@mozilla.org': Reading manifest: Invalid extension permission: mozillaAddons
1577132151678	addons.webextension.screenshots@mozilla.org	WARN	Loading extension 'screenshots@mozilla.org': Reading manifest: Invalid extension permission: telemetry
1577132151678	addons.webextension.screenshots@mozilla.org	WARN	Loading extension 'screenshots@mozilla.org': Reading manifest: Invalid extension permission: resource://pdf.js/
1577132151678	addons.webextension.screenshots@mozilla.org	WARN	Loading extension 'screenshots@mozilla.org': Reading manifest: Invalid extension permission: about:reader*
1577132154264	Marionette	INFO	Listening on port 36165
1577132154323	Marionette	WARN	TLS certificate errors will be ignored for this session
Attempting load of libEGL.so
[Parent 9751, Gecko_IOThread] WARNING: pipe error: Broken pipe: file /builddir/build/BUILD/firefox-71.0/ipc/chromium/src/chrome/common/ipc_channel_posix.cc, line 728
1577132179656	Marionette	INFO	Stopped listening on port 36165
1577132203949	mozrunner::runner	INFO	Running command: "/usr/bin/firefox" "-marionette" "-foreground" "-no-remote" "-profile" "/tmp/rust_mozprofilewT75Dy"
1577132204647	addons.webextension.screenshots@mozilla.org	WARN	Loading extension 'screenshots@mozilla.org': Reading manifest: Invalid extension permission: mozillaAddons
1577132204647	addons.webextension.screenshots@mozilla.org	WARN	Loading extension 'screenshots@mozilla.org': Reading manifest: Invalid extension permission: telemetry
1577132204647	addons.webextension.screenshots@mozilla.org	WARN	Loading extension 'screenshots@mozilla.org': Reading manifest: Invalid extension permission: resource://pdf.js/
1577132204647	addons.webextension.screenshots@mozilla.org	WARN	Loading extension 'screenshots@mozilla.org': Reading manifest: Invalid extension permission: about:reader*
1577132208087	Marionette	INFO	Listening on port 34011
1577132208192	Marionette	WARN	TLS certificate errors will be ignored for this session
JavaScript error: https://start.fedoraproject.org/, line 292: TypeError: $(...).uls is not a function
Attempting load of libEGL.so
[Parent 10010, Gecko_IOThread] WARNING: pipe error: Broken pipe: file /builddir/build/BUILD/firefox-71.0/ipc/chromium/src/chrome/common/ipc_channel_posix.cc, line 728
Handler function threw an exception: TypeError: timings.REQUEST_HEADER is undefined
Stack: _setupHarTimings@resource://devtools/server/actors/network-monitor/network-observer.js:1078:1
_onTransactionClose@resource://devtools/server/actors/network-monitor/network-observer.js:1005:25
_dispatchActivity@resource://devtools/server/actors/network-monitor/network-observer.js:529:14
NetworkObserver.prototype.observeActivity<@resource://devtools/server/actors/network-monitor/network-observer.js:607:12
exports.makeInfallible/<@resource://devtools/shared/ThreadSafeDevToolsUtils.js:111:22
Line: 1078, column: 1
console.error: (new TypeError("timings.REQUEST_HEADER is undefined", "resource://devtools/server/actors/network-monitor/network-observer.js", 1078))
IPDL protocol error: Handler returned error code!

###!!! [Parent][DispatchAsyncMessage] Error: PLayerTransaction::Msg_ReleaseLayer Processing error: message was deserialized, but the handler returned false (indicating failure)

IPDL protocol error: Handler returned error code!

###!!! [Parent][DispatchAsyncMessage] Error: PLayerTransaction::Msg_ReleaseLayer Processing error: message was deserialized, but the handler returned false (indicating failure)

IPDL protocol error: Handler returned error code!

###!!! [Parent][DispatchAsyncMessage] Error: PLayerTransaction::Msg_ReleaseLayer Processing error: message was deserialized, but the handler returned false (indicating failure)

1577132288933	Marionette	INFO	Stopped listening on port 34011
1577132442074	mozrunner::runner	INFO	Running command: "/usr/bin/firefox" "-marionette" "-foreground" "-no-remote" "-profile" "/tmp/rust_mozprofileF1zLVg"
1577132442894	addons.webextension.screenshots@mozilla.org	WARN	Loading extension 'screenshots@mozilla.org': Reading manifest: Invalid extension permission: mozillaAddons
1577132442895	addons.webextension.screenshots@mozilla.org	WARN	Loading extension 'screenshots@mozilla.org': Reading manifest: Invalid extension permission: telemetry
1577132442895	addons.webextension.screenshots@mozilla.org	WARN	Loading extension 'screenshots@mozilla.org': Reading manifest: Invalid extension permission: resource://pdf.js/
1577132442895	addons.webextension.screenshots@mozilla.org	WARN	Loading extension 'screenshots@mozilla.org': Reading manifest: Invalid extension permission: about:reader*
1577132446919	Marionette	INFO	Listening on port 45733
1577132447032	Marionette	WARN	TLS certificate errors will be ignored for this session
JavaScript error: https://start.fedoraproject.org/, line 292: TypeError: $(...).uls is not a function
Attempting load of libEGL.so
[Parent 10475, Gecko_IOThread] WARNING: pipe error: Broken pipe: file /builddir/build/BUILD/firefox-71.0/ipc/chromium/src/chrome/common/ipc_channel_posix.cc, line 728
[Parent 10475, Gecko_IOThread] WARNING: pipe error: Broken pipe: file /builddir/build/BUILD/firefox-71.0/ipc/chromium/src/chrome/common/ipc_channel_posix.cc, line 728
[Parent 10475, Gecko_IOThread] WARNING: pipe error: Broken pipe: file /builddir/build/BUILD/firefox-71.0/ipc/chromium/src/chrome/common/ipc_channel_posix.cc, line 728
1577132483287	Marionette	INFO	Stopped listening on port 45733
1577132874065	mozrunner::runner	INFO	Running command: "/usr/bin/firefox" "-marionette" "-foreground" "-no-remote" "-profile" "/tmp/rust_mozprofilexpeLkp"
1577132874821	addons.webextension.screenshots@mozilla.org	WARN	Loading extension 'screenshots@mozilla.org': Reading manifest: Invalid extension permission: mozillaAddons
1577132874821	addons.webextension.screenshots@mozilla.org	WARN	Loading extension 'screenshots@mozilla.org': Reading manifest: Invalid extension permission: telemetry
1577132874822	addons.webextension.screenshots@mozilla.org	WARN	Loading extension 'screenshots@mozilla.org': Reading manifest: Invalid extension permission: resource://pdf.js/
1577132874822	addons.webextension.screenshots@mozilla.org	WARN	Loading extension 'screenshots@mozilla.org': Reading manifest: Invalid extension permission: about:reader*
1577132877715	Marionette	INFO	Listening on port 43933
1577132877817	Marionette	WARN	TLS certificate errors will be ignored for this session
Attempting load of libEGL.so
[Parent 10904, Gecko_IOThread] WARNING: pipe error: Broken pipe: file /builddir/build/BUILD/firefox-71.0/ipc/chromium/src/chrome/common/ipc_channel_posix.cc, line 728
1577132913314	Marionette	INFO	Stopped listening on port 43933
1577132943909	mozrunner::runner	INFO	Running command: "/usr/bin/firefox" "-marionette" "-foreground" "-no-remote" "-profile" "/tmp/rust_mozprofileSDvbZH"
1577132944715	addons.webextension.screenshots@mozilla.org	WARN	Loading extension 'screenshots@mozilla.org': Reading manifest: Invalid extension permission: mozillaAddons
1577132944716	addons.webextension.screenshots@mozilla.org	WARN	Loading extension 'screenshots@mozilla.org': Reading manifest: Invalid extension permission: telemetry
1577132944716	addons.webextension.screenshots@mozilla.org	WARN	Loading extension 'screenshots@mozilla.org': Reading manifest: Invalid extension permission: resource://pdf.js/
1577132944716	addons.webextension.screenshots@mozilla.org	WARN	Loading extension 'screenshots@mozilla.org': Reading manifest: Invalid extension permission: about:reader*
1577132947683	Marionette	INFO	Listening on port 33621
1577132947731	Marionette	WARN	TLS certificate errors will be ignored for this session
Attempting load of libEGL.so
[Parent 11173, Gecko_IOThread] WARNING: pipe error: Broken pipe: file /builddir/build/BUILD/firefox-71.0/ipc/chromium/src/chrome/common/ipc_channel_posix.cc, line 728
1577132980713	Marionette	INFO	Stopped listening on port 33621
1577150389519	mozrunner::runner	INFO	Running command: "/usr/bin/firefox" "-marionette" "-foreground" "-no-remote" "-profile" "/tmp/rust_mozprofileC1RFP6"
1577150390256	addons.webextension.screenshots@mozilla.org	WARN	Loading extension 'screenshots@mozilla.org': Reading manifest: Invalid extension permission: mozillaAddons
1577150390256	addons.webextension.screenshots@mozilla.org	WARN	Loading extension 'screenshots@mozilla.org': Reading manifest: Invalid extension permission: telemetry
1577150390257	addons.webextension.screenshots@mozilla.org	WARN	Loading extension 'screenshots@mozilla.org': Reading manifest: Invalid extension permission: resource://pdf.js/
1577150390257	addons.webextension.screenshots@mozilla.org	WARN	Loading extension 'screenshots@mozilla.org': Reading manifest: Invalid extension permission: about:reader*
1577150392964	Marionette	INFO	Listening on port 33831
1577150393083	Marionette	WARN	TLS certificate errors will be ignored for this session
Attempting load of libEGL.so
[Parent 20049, Gecko_IOThread] WARNING: pipe error: Broken pipe: file /builddir/build/BUILD/firefox-71.0/ipc/chromium/src/chrome/common/ipc_channel_posix.cc, line 728
[Parent 20049, Gecko_IOThread] WARNING: pipe error: Broken pipe: file /builddir/build/BUILD/firefox-71.0/ipc/chromium/src/chrome/common/ipc_channel_posix.cc, line 728
[Parent 20049, Gecko_IOThread] WARNING: pipe error: Broken pipe: file /builddir/build/BUILD/firefox-71.0/ipc/chromium/src/chrome/common/ipc_channel_posix.cc, line 728
1577150411520	mozrunner::runner	INFO	Running command: "/usr/bin/firefox" "-marionette" "-foreground" "-no-remote" "-profile" "/tmp/rust_mozprofiletSSbK3"
1577150412209	addons.webextension.screenshots@mozilla.org	WARN	Loading extension 'screenshots@mozilla.org': Reading manifest: Invalid extension permission: mozillaAddons
1577150412209	addons.webextension.screenshots@mozilla.org	WARN	Loading extension 'screenshots@mozilla.org': Reading manifest: Invalid extension permission: telemetry
1577150412210	addons.webextension.screenshots@mozilla.org	WARN	Loading extension 'screenshots@mozilla.org': Reading manifest: Invalid extension permission: resource://pdf.js/
1577150412210	addons.webextension.screenshots@mozilla.org	WARN	Loading extension 'screenshots@mozilla.org': Reading manifest: Invalid extension permission: about:reader*
1577150415029	Marionette	INFO	Listening on port 33301
1577150415250	Marionette	WARN	TLS certificate errors will be ignored for this session
Attempting load of libEGL.so
[Parent 20319, Gecko_IOThread] WARNING: pipe error: Broken pipe: file /builddir/build/BUILD/firefox-71.0/ipc/chromium/src/chrome/common/ipc_channel_posix.cc, line 728
[Parent 20319, Gecko_IOThread] WARNING: pipe error: Broken pipe: file /builddir/build/BUILD/firefox-71.0/ipc/chromium/src/chrome/common/ipc_channel_posix.cc, line 728
[Parent 20319, Gecko_IOThread] WARNING: pipe error: Broken pipe: file /builddir/build/BUILD/firefox-71.0/ipc/chromium/src/chrome/common/ipc_channel_posix.cc, line 728
1577150428111	mozrunner::runner	INFO	Running command: "/usr/bin/firefox" "-marionette" "-foreground" "-no-remote" "-profile" "/tmp/rust_mozprofile0IiwNB"
1577150428835	addons.webextension.screenshots@mozilla.org	WARN	Loading extension 'screenshots@mozilla.org': Reading manifest: Invalid extension permission: mozillaAddons
1577150428835	addons.webextension.screenshots@mozilla.org	WARN	Loading extension 'screenshots@mozilla.org': Reading manifest: Invalid extension permission: telemetry
1577150428835	addons.webextension.screenshots@mozilla.org	WARN	Loading extension 'screenshots@mozilla.org': Reading manifest: Invalid extension permission: resource://pdf.js/
1577150428835	addons.webextension.screenshots@mozilla.org	WARN	Loading extension 'screenshots@mozilla.org': Reading manifest: Invalid extension permission: about:reader*
1577150431984	Marionette	INFO	Listening on port 45229
1577150432027	Marionette	WARN	TLS certificate errors will be ignored for this session
Attempting load of libEGL.so
JavaScript error: https://start.fedoraproject.org/, line 292: TypeError: $(...).uls is not a function
[Parent 20577, Gecko_IOThread] WARNING: pipe error: Broken pipe: file /builddir/build/BUILD/firefox-71.0/ipc/chromium/src/chrome/common/ipc_channel_posix.cc, line 728
IPDL protocol error: Handler returned error code!

###!!! [Parent][DispatchAsyncMessage] Error: PLayerTransaction::Msg_ReleaseLayer Processing error: message was deserialized, but the handler returned false (indicating failure)

IPDL protocol error: Handler returned error code!

###!!! [Parent][DispatchAsyncMessage] Error: PLayerTransaction::Msg_ReleaseLayer Processing error: message was deserialized, but the handler returned false (indicating failure)

1577150446137	Marionette	INFO	Stopped listening on port 33301
1577150582926	Marionette	INFO	Stopped listening on port 33831
[Parent 20577, Gecko_IOThread] WARNING: pipe error: Broken pipe: file /builddir/build/BUILD/firefox-71.0/ipc/chromium/src/chrome/common/ipc_channel_posix.cc, line 728
IPDL protocol error: Handler returned error code!

###!!! [Parent][DispatchAsyncMessage] Error: PLayerTransaction::Msg_ReleaseLayer Processing error: message was deserialized, but the handler returned false (indicating failure)

IPDL protocol error: Handler returned error code!

###!!! [Parent][DispatchAsyncMessage] Error: PLayerTransaction::Msg_ReleaseLayer Processing error: message was deserialized, but the handler returned false (indicating failure)

1577150584079	Marionette	INFO	Stopped listening on port 45229
1577150598973	mozrunner::runner	INFO	Running command: "/usr/bin/firefox" "-marionette" "-foreground" "-no-remote" "-profile" "/tmp/rust_mozprofilecJ8AN4"
1577150599731	addons.webextension.screenshots@mozilla.org	WARN	Loading extension 'screenshots@mozilla.org': Reading manifest: Invalid extension permission: mozillaAddons
1577150599731	addons.webextension.screenshots@mozilla.org	WARN	Loading extension 'screenshots@mozilla.org': Reading manifest: Invalid extension permission: telemetry
1577150599731	addons.webextension.screenshots@mozilla.org	WARN	Loading extension 'screenshots@mozilla.org': Reading manifest: Invalid extension permission: resource://pdf.js/
1577150599731	addons.webextension.screenshots@mozilla.org	WARN	Loading extension 'screenshots@mozilla.org': Reading manifest: Invalid extension permission: about:reader*
1577150602464	Marionette	INFO	Listening on port 40311
1577150602716	Marionette	WARN	TLS certificate errors will be ignored for this session
Attempting load of libEGL.so
[Parent 20935, Gecko_IOThread] WARNING: pipe error: Broken pipe: file /builddir/build/BUILD/firefox-71.0/ipc/chromium/src/chrome/common/ipc_channel_posix.cc, line 728
1577150622123	mozrunner::runner	INFO	Running command: "/usr/bin/firefox" "-marionette" "-foreground" "-no-remote" "-profile" "/tmp/rust_mozprofileSL8J2x"
1577150622874	addons.webextension.screenshots@mozilla.org	WARN	Loading extension 'screenshots@mozilla.org': Reading manifest: Invalid extension permission: mozillaAddons
1577150622874	addons.webextension.screenshots@mozilla.org	WARN	Loading extension 'screenshots@mozilla.org': Reading manifest: Invalid extension permission: telemetry
1577150622874	addons.webextension.screenshots@mozilla.org	WARN	Loading extension 'screenshots@mozilla.org': Reading manifest: Invalid extension permission: resource://pdf.js/
1577150622874	addons.webextension.screenshots@mozilla.org	WARN	Loading extension 'screenshots@mozilla.org': Reading manifest: Invalid extension permission: about:reader*
1577150626706	Marionette	INFO	Listening on port 36051
1577150626997	Marionette	WARN	TLS certificate errors will be ignored for this session
JavaScript error: https://start.fedoraproject.org/, line 292: TypeError: $(...).uls is not a function
Attempting load of libEGL.so
[Parent 21196, Gecko_IOThread] WARNING: pipe error: Broken pipe: file /builddir/build/BUILD/firefox-71.0/ipc/chromium/src/chrome/common/ipc_channel_posix.cc, line 728
1577150641938	mozrunner::runner	INFO	Running command: "/usr/bin/firefox" "-marionette" "-foreground" "-no-remote" "-profile" "/tmp/rust_mozprofilefUMBD6"
1577150642839	addons.webextension.screenshots@mozilla.org	WARN	Loading extension 'screenshots@mozilla.org': Reading manifest: Invalid extension permission: mozillaAddons
1577150642839	addons.webextension.screenshots@mozilla.org	WARN	Loading extension 'screenshots@mozilla.org': Reading manifest: Invalid extension permission: telemetry
1577150642840	addons.webextension.screenshots@mozilla.org	WARN	Loading extension 'screenshots@mozilla.org': Reading manifest: Invalid extension permission: resource://pdf.js/
1577150642840	addons.webextension.screenshots@mozilla.org	WARN	Loading extension 'screenshots@mozilla.org': Reading manifest: Invalid extension permission: about:reader*
1577150646602	Marionette	INFO	Listening on port 43681
1577150646672	Marionette	WARN	TLS certificate errors will be ignored for this session
JavaScript error: https://start.fedoraproject.org/, line 292: TypeError: $(...).uls is not a function
Attempting load of libEGL.so
[Parent 21553, Gecko_IOThread] WARNING: pipe error: Broken pipe: file /builddir/build/BUILD/firefox-71.0/ipc/chromium/src/chrome/common/ipc_channel_posix.cc, line 728
1577150657283	Marionette	INFO	Stopped listening on port 40311
1577150662320	Marionette	INFO	Stopped listening on port 36051
[Parent 21553, Gecko_IOThread] WARNING: pipe error (80): Connection reset by peer: file /builddir/build/BUILD/firefox-71.0/ipc/chromium/src/chrome/common/ipc_channel_posix.cc, line 358
1577150755961	Marionette	INFO	Stopped listening on port 43681
1577150759102	mozrunner::runner	INFO	Running command: "/usr/bin/firefox" "-marionette" "-foreground" "-no-remote" "-profile" "/tmp/rust_mozprofileHS4KGp"
1577150759783	addons.webextension.screenshots@mozilla.org	WARN	Loading extension 'screenshots@mozilla.org': Reading manifest: Invalid extension permission: mozillaAddons
1577150759784	addons.webextension.screenshots@mozilla.org	WARN	Loading extension 'screenshots@mozilla.org': Reading manifest: Invalid extension permission: telemetry
1577150759784	addons.webextension.screenshots@mozilla.org	WARN	Loading extension 'screenshots@mozilla.org': Reading manifest: Invalid extension permission: resource://pdf.js/
1577150759784	addons.webextension.screenshots@mozilla.org	WARN	Loading extension 'screenshots@mozilla.org': Reading manifest: Invalid extension permission: about:reader*
1577150762199	Marionette	INFO	Listening on port 37195
1577150762256	Marionette	WARN	TLS certificate errors will be ignored for this session
Attempting load of libEGL.so
[Parent 21986, Gecko_IOThread] WARNING: pipe error: Broken pipe: file /builddir/build/BUILD/firefox-71.0/ipc/chromium/src/chrome/common/ipc_channel_posix.cc, line 728
1577150780700	mozrunner::runner	INFO	Running command: "/usr/bin/firefox" "-marionette" "-foreground" "-no-remote" "-profile" "/tmp/rust_mozprofileXfNY66"
1577150781413	addons.webextension.screenshots@mozilla.org	WARN	Loading extension 'screenshots@mozilla.org': Reading manifest: Invalid extension permission: mozillaAddons
1577150781413	addons.webextension.screenshots@mozilla.org	WARN	Loading extension 'screenshots@mozilla.org': Reading manifest: Invalid extension permission: telemetry
1577150781414	addons.webextension.screenshots@mozilla.org	WARN	Loading extension 'screenshots@mozilla.org': Reading manifest: Invalid extension permission: resource://pdf.js/
1577150781414	addons.webextension.screenshots@mozilla.org	WARN	Loading extension 'screenshots@mozilla.org': Reading manifest: Invalid extension permission: about:reader*
1577150784141	Marionette	INFO	Listening on port 38069
1577150784294	Marionette	WARN	TLS certificate errors will be ignored for this session
Attempting load of libEGL.so
[Parent 22234, Gecko_IOThread] WARNING: pipe error: Broken pipe: file /builddir/build/BUILD/firefox-71.0/ipc/chromium/src/chrome/common/ipc_channel_posix.cc, line 728
1577150796824	mozrunner::runner	INFO	Running command: "/usr/bin/firefox" "-marionette" "-foreground" "-no-remote" "-profile" "/tmp/rust_mozprofilem53RVH"
1577150797510	addons.webextension.screenshots@mozilla.org	WARN	Loading extension 'screenshots@mozilla.org': Reading manifest: Invalid extension permission: mozillaAddons
1577150797510	addons.webextension.screenshots@mozilla.org	WARN	Loading extension 'screenshots@mozilla.org': Reading manifest: Invalid extension permission: telemetry
1577150797510	addons.webextension.screenshots@mozilla.org	WARN	Loading extension 'screenshots@mozilla.org': Reading manifest: Invalid extension permission: resource://pdf.js/
1577150797511	addons.webextension.screenshots@mozilla.org	WARN	Loading extension 'screenshots@mozilla.org': Reading manifest: Invalid extension permission: about:reader*
1577150800095	Marionette	INFO	Listening on port 37525
1577150800223	Marionette	WARN	TLS certificate errors will be ignored for this session
Attempting load of libEGL.so
[Parent 22485, Gecko_IOThread] WARNING: pipe error: Broken pipe: file /builddir/build/BUILD/firefox-71.0/ipc/chromium/src/chrome/common/ipc_channel_posix.cc, line 728
1577150809147	mozrunner::runner	INFO	Running command: "/usr/bin/firefox" "-marionette" "-foreground" "-no-remote" "-profile" "/tmp/rust_mozprofileUXa4Kb"
1577150809846	addons.webextension.screenshots@mozilla.org	WARN	Loading extension 'screenshots@mozilla.org': Reading manifest: Invalid extension permission: mozillaAddons
1577150809846	addons.webextension.screenshots@mozilla.org	WARN	Loading extension 'screenshots@mozilla.org': Reading manifest: Invalid extension permission: telemetry
1577150809846	addons.webextension.screenshots@mozilla.org	WARN	Loading extension 'screenshots@mozilla.org': Reading manifest: Invalid extension permission: resource://pdf.js/
1577150809847	addons.webextension.screenshots@mozilla.org	WARN	Loading extension 'screenshots@mozilla.org': Reading manifest: Invalid extension permission: about:reader*
1577150812941	Marionette	INFO	Listening on port 43659
1577150813199	Marionette	WARN	TLS certificate errors will be ignored for this session
Attempting load of libEGL.so
[Parent 22736, Gecko_IOThread] WARNING: pipe error: Broken pipe: file /builddir/build/BUILD/firefox-71.0/ipc/chromium/src/chrome/common/ipc_channel_posix.cc, line 728
1577150820519	mozrunner::runner	INFO	Running command: "/usr/bin/firefox" "-marionette" "-foreground" "-no-remote" "-profile" "/tmp/rust_mozprofilebY9bMV"
1577150821440	addons.webextension.screenshots@mozilla.org	WARN	Loading extension 'screenshots@mozilla.org': Reading manifest: Invalid extension permission: mozillaAddons
1577150821440	addons.webextension.screenshots@mozilla.org	WARN	Loading extension 'screenshots@mozilla.org': Reading manifest: Invalid extension permission: telemetry
1577150821441	addons.webextension.screenshots@mozilla.org	WARN	Loading extension 'screenshots@mozilla.org': Reading manifest: Invalid extension permission: resource://pdf.js/
1577150821441	addons.webextension.screenshots@mozilla.org	WARN	Loading extension 'screenshots@mozilla.org': Reading manifest: Invalid extension permission: about:reader*
1577150824825	Marionette	INFO	Listening on port 44769
1577150824938	Marionette	WARN	TLS certificate errors will be ignored for this session
JavaScript error: https://start.fedoraproject.org/, line 292: TypeError: $(...).uls is not a function
Attempting load of libEGL.so
[Parent 22992, Gecko_IOThread] WARNING: pipe error: Broken pipe: file /builddir/build/BUILD/firefox-71.0/ipc/chromium/src/chrome/common/ipc_channel_posix.cc, line 728
1577150835223	mozrunner::runner	INFO	Running command: "/usr/bin/firefox" "-marionette" "-foreground" "-no-remote" "-profile" "/tmp/rust_mozprofileZr6qu9"
1577150836163	addons.webextension.screenshots@mozilla.org	WARN	Loading extension 'screenshots@mozilla.org': Reading manifest: Invalid extension permission: mozillaAddons
1577150836164	addons.webextension.screenshots@mozilla.org	WARN	Loading extension 'screenshots@mozilla.org': Reading manifest: Invalid extension permission: telemetry
1577150836164	addons.webextension.screenshots@mozilla.org	WARN	Loading extension 'screenshots@mozilla.org': Reading manifest: Invalid extension permission: resource://pdf.js/
1577150836164	addons.webextension.screenshots@mozilla.org	WARN	Loading extension 'screenshots@mozilla.org': Reading manifest: Invalid extension permission: about:reader*
1577150837463	Marionette	INFO	Stopped listening on port 38069

###!!! [Child][MessageChannel] Error: (msgtype=0x370124,name=PContent::Msg_DetachBrowsingContext) Closed channel: cannot send/recv

1577150838110	Marionette	INFO	Stopped listening on port 44769
1577150839608	Marionette	INFO	Listening on port 36695
1577150839676	Marionette	WARN	TLS certificate errors will be ignored for this session
Attempting load of libEGL.so
[Parent 23294, Gecko_IOThread] WARNING: pipe error: Broken pipe: file /builddir/build/BUILD/firefox-71.0/ipc/chromium/src/chrome/common/ipc_channel_posix.cc, line 728
1577150846925	Marionette	INFO	Stopped listening on port 37195
1577150848420	Marionette	INFO	Stopped listening on port 43659
IPDL protocol error: Handler returned error code!

###!!! [Parent][DispatchAsyncMessage] Error: PLayerTransaction::Msg_ReleaseLayer Processing error: message was deserialized, but the handler returned false (indicating failure)

IPDL protocol error: Handler returned error code!

###!!! [Parent][DispatchAsyncMessage] Error: PLayerTransaction::Msg_ReleaseLayer Processing error: message was deserialized, but the handler returned false (indicating failure)

1577150849209	Marionette	INFO	Stopped listening on port 37525

###!!! [Parent][RunMessage] Error: Channel closing: too late to send/recv, messages will be lost

1577150857682	mozrunner::runner	INFO	Running command: "/usr/bin/firefox" "-marionette" "-foreground" "-no-remote" "-profile" "/tmp/rust_mozprofilef6DtZa"
1577150858377	addons.webextension.screenshots@mozilla.org	WARN	Loading extension 'screenshots@mozilla.org': Reading manifest: Invalid extension permission: mozillaAddons
1577150858378	addons.webextension.screenshots@mozilla.org	WARN	Loading extension 'screenshots@mozilla.org': Reading manifest: Invalid extension permission: telemetry
1577150858378	addons.webextension.screenshots@mozilla.org	WARN	Loading extension 'screenshots@mozilla.org': Reading manifest: Invalid extension permission: resource://pdf.js/
1577150858378	addons.webextension.screenshots@mozilla.org	WARN	Loading extension 'screenshots@mozilla.org': Reading manifest: Invalid extension permission: about:reader*
1577150860889	Marionette	INFO	Listening on port 33615
1577150861052	Marionette	WARN	TLS certificate errors will be ignored for this session
Attempting load of libEGL.so
[Parent 23569, Gecko_IOThread] WARNING: pipe error: Broken pipe: file /builddir/build/BUILD/firefox-71.0/ipc/chromium/src/chrome/common/ipc_channel_posix.cc, line 728
1577150873663	mozrunner::runner	INFO	Running command: "/usr/bin/firefox" "-marionette" "-foreground" "-no-remote" "-profile" "/tmp/rust_mozprofilem8JXkx"
1577150874378	addons.webextension.screenshots@mozilla.org	WARN	Loading extension 'screenshots@mozilla.org': Reading manifest: Invalid extension permission: mozillaAddons
1577150874378	addons.webextension.screenshots@mozilla.org	WARN	Loading extension 'screenshots@mozilla.org': Reading manifest: Invalid extension permission: telemetry
1577150874379	addons.webextension.screenshots@mozilla.org	WARN	Loading extension 'screenshots@mozilla.org': Reading manifest: Invalid extension permission: resource://pdf.js/
1577150874379	addons.webextension.screenshots@mozilla.org	WARN	Loading extension 'screenshots@mozilla.org': Reading manifest: Invalid extension permission: about:reader*
1577150877290	Marionette	INFO	Listening on port 37463
1577150877382	Marionette	WARN	TLS certificate errors will be ignored for this session
JavaScript error: https://start.fedoraproject.org/, line 292: TypeError: $(...).uls is not a function
Attempting load of libEGL.so
[Parent 23821, Gecko_IOThread] WARNING: pipe error: Broken pipe: file /builddir/build/BUILD/firefox-71.0/ipc/chromium/src/chrome/common/ipc_channel_posix.cc, line 728
1577150886561	mozrunner::runner	INFO	Running command: "/usr/bin/firefox" "-marionette" "-foreground" "-no-remote" "-profile" "/tmp/rust_mozprofileaQ5HJr"
1577150887316	addons.webextension.screenshots@mozilla.org	WARN	Loading extension 'screenshots@mozilla.org': Reading manifest: Invalid extension permission: mozillaAddons
1577150887316	addons.webextension.screenshots@mozilla.org	WARN	Loading extension 'screenshots@mozilla.org': Reading manifest: Invalid extension permission: telemetry
1577150887317	addons.webextension.screenshots@mozilla.org	WARN	Loading extension 'screenshots@mozilla.org': Reading manifest: Invalid extension permission: resource://pdf.js/
1577150887317	addons.webextension.screenshots@mozilla.org	WARN	Loading extension 'screenshots@mozilla.org': Reading manifest: Invalid extension permission: about:reader*
1577150890014	Marionette	INFO	Listening on port 35553
1577150890166	Marionette	WARN	TLS certificate errors will be ignored for this session
Attempting load of libEGL.so
[Parent 24114, Gecko_IOThread] WARNING: pipe error: Broken pipe: file /builddir/build/BUILD/firefox-71.0/ipc/chromium/src/chrome/common/ipc_channel_posix.cc, line 728
[Parent 24114, Gecko_IOThread] WARNING: pipe error: Broken pipe: file /builddir/build/BUILD/firefox-71.0/ipc/chromium/src/chrome/common/ipc_channel_posix.cc, line 728
[Parent 24114, Gecko_IOThread] WARNING: pipe error: Broken pipe: file /builddir/build/BUILD/firefox-71.0/ipc/chromium/src/chrome/common/ipc_channel_posix.cc, line 728
1577150898741	mozrunner::runner	INFO	Running command: "/usr/bin/firefox" "-marionette" "-foreground" "-no-remote" "-profile" "/tmp/rust_mozprofilePorB9D"
1577150899485	addons.webextension.screenshots@mozilla.org	WARN	Loading extension 'screenshots@mozilla.org': Reading manifest: Invalid extension permission: mozillaAddons
1577150899485	addons.webextension.screenshots@mozilla.org	WARN	Loading extension 'screenshots@mozilla.org': Reading manifest: Invalid extension permission: telemetry
1577150899485	addons.webextension.screenshots@mozilla.org	WARN	Loading extension 'screenshots@mozilla.org': Reading manifest: Invalid extension permission: resource://pdf.js/
1577150899485	addons.webextension.screenshots@mozilla.org	WARN	Loading extension 'screenshots@mozilla.org': Reading manifest: Invalid extension permission: about:reader*
1577150902751	Marionette	INFO	Listening on port 40011
1577150902797	Marionette	WARN	TLS certificate errors will be ignored for this session
JavaScript error: https://start.fedoraproject.org/, line 292: TypeError: $(...).uls is not a function
Attempting load of libEGL.so
[Parent 24373, Gecko_IOThread] WARNING: pipe error: Broken pipe: file /builddir/build/BUILD/firefox-71.0/ipc/chromium/src/chrome/common/ipc_channel_posix.cc, line 728
1577151017606	mozrunner::runner	INFO	Running command: "/usr/bin/firefox" "-marionette" "-foreground" "-no-remote" "-profile" "/tmp/rust_mozprofilek55C4M"
1577151018523	addons.webextension.screenshots@mozilla.org	WARN	Loading extension 'screenshots@mozilla.org': Reading manifest: Invalid extension permission: mozillaAddons
1577151018523	addons.webextension.screenshots@mozilla.org	WARN	Loading extension 'screenshots@mozilla.org': Reading manifest: Invalid extension permission: telemetry
1577151018524	addons.webextension.screenshots@mozilla.org	WARN	Loading extension 'screenshots@mozilla.org': Reading manifest: Invalid extension permission: resource://pdf.js/
1577151018524	addons.webextension.screenshots@mozilla.org	WARN	Loading extension 'screenshots@mozilla.org': Reading manifest: Invalid extension permission: about:reader*
IPDL protocol error: Handler returned error code!

###!!! [Parent][DispatchAsyncMessage] Error: PLayerTransaction::Msg_ReleaseLayer Processing error: message was deserialized, but the handler returned false (indicating failure)

IPDL protocol error: Handler returned error code!

###!!! [Parent][DispatchAsyncMessage] Error: PLayerTransaction::Msg_ReleaseLayer Processing error: message was deserialized, but the handler returned false (indicating failure)

1577151019640	Marionette	INFO	Stopped listening on port 33615
1577151021768	Marionette	INFO	Listening on port 43801
1577151021840	Marionette	WARN	TLS certificate errors will be ignored for this session
Attempting load of libEGL.so
IPDL protocol error: Handler returned error code!

###!!! [Parent][DispatchAsyncMessage] Error: PLayerTransaction::Msg_ReleaseLayer Processing error: message was deserialized, but the handler returned false (indicating failure)

IPDL protocol error: Handler returned error code!

###!!! [Parent][DispatchAsyncMessage] Error: PLayerTransaction::Msg_ReleaseLayer Processing error: message was deserialized, but the handler returned false (indicating failure)

1577151025251	Marionette	INFO	Stopped listening on port 36695

###!!! [Child][RunMessage] Error: Channel closing: too late to send/recv, messages will be lost


###!!! [Child][RunMessage] Error: Channel closing: too late to send/recv, messages will be lost


###!!! [Child][RunMessage] Error: Channel closing: too late to send/recv, messages will be lost

1577151026466	Marionette	INFO	Stopped listening on port 35553
[Parent 24710, Gecko_IOThread] WARNING: pipe error: Broken pipe: file /builddir/build/BUILD/firefox-71.0/ipc/chromium/src/chrome/common/ipc_channel_posix.cc, line 728
[Parent 23821, Gecko_IOThread] WARNING: pipe error (80): Connection reset by peer: file /builddir/build/BUILD/firefox-71.0/ipc/chromium/src/chrome/common/ipc_channel_posix.cc, line 358
1577151028069	Marionette	INFO	Stopped listening on port 37463
[Parent 24373, Gecko_IOThread] WARNING: pipe error (80): Connection reset by peer: file /builddir/build/BUILD/firefox-71.0/ipc/chromium/src/chrome/common/ipc_channel_posix.cc, line 358
1577151029194	Marionette	INFO	Stopped listening on port 40011
Exiting due to channel error.
1577160767481	mozrunner::runner	INFO	Running command: "/usr/bin/firefox" "-marionette" "-foreground" "-no-remote" "-profile" "/tmp/rust_mozprofilesu76am"
1577160768173	addons.webextension.screenshots@mozilla.org	WARN	Loading extension 'screenshots@mozilla.org': Reading manifest: Invalid extension permission: mozillaAddons
1577160768173	addons.webextension.screenshots@mozilla.org	WARN	Loading extension 'screenshots@mozilla.org': Reading manifest: Invalid extension permission: telemetry
1577160768174	addons.webextension.screenshots@mozilla.org	WARN	Loading extension 'screenshots@mozilla.org': Reading manifest: Invalid extension permission: resource://pdf.js/
1577160768174	addons.webextension.screenshots@mozilla.org	WARN	Loading extension 'screenshots@mozilla.org': Reading manifest: Invalid extension permission: about:reader*
1577160770931	Marionette	INFO	Listening on port 41169
1577160771035	Marionette	WARN	TLS certificate errors will be ignored for this session
Attempting load of libEGL.so
[Parent 28955, Gecko_IOThread] WARNING: pipe error: Broken pipe: file /builddir/build/BUILD/firefox-71.0/ipc/chromium/src/chrome/common/ipc_channel_posix.cc, line 728
[Parent 28955, Gecko_IOThread] WARNING: pipe error: Broken pipe: file /builddir/build/BUILD/firefox-71.0/ipc/chromium/src/chrome/common/ipc_channel_posix.cc, line 728
[Parent 28955, Gecko_IOThread] WARNING: pipe error: Broken pipe: file /builddir/build/BUILD/firefox-71.0/ipc/chromium/src/chrome/common/ipc_channel_posix.cc, line 728
1577160788627	mozrunner::runner	INFO	Running command: "/usr/bin/firefox" "-marionette" "-foreground" "-no-remote" "-profile" "/tmp/rust_mozprofileutpSo2"
1577160789315	addons.webextension.screenshots@mozilla.org	WARN	Loading extension 'screenshots@mozilla.org': Reading manifest: Invalid extension permission: mozillaAddons
1577160789315	addons.webextension.screenshots@mozilla.org	WARN	Loading extension 'screenshots@mozilla.org': Reading manifest: Invalid extension permission: telemetry
1577160789316	addons.webextension.screenshots@mozilla.org	WARN	Loading extension 'screenshots@mozilla.org': Reading manifest: Invalid extension permission: resource://pdf.js/
1577160789316	addons.webextension.screenshots@mozilla.org	WARN	Loading extension 'screenshots@mozilla.org': Reading manifest: Invalid extension permission: about:reader*
1577160792142	Marionette	INFO	Listening on port 35849
1577160792255	Marionette	WARN	TLS certificate errors will be ignored for this session
Attempting load of libEGL.so
[Parent 29228, Gecko_IOThread] WARNING: pipe error: Broken pipe: file /builddir/build/BUILD/firefox-71.0/ipc/chromium/src/chrome/common/ipc_channel_posix.cc, line 728
1577160806644	mozrunner::runner	INFO	Running command: "/usr/bin/firefox" "-marionette" "-foreground" "-no-remote" "-profile" "/tmp/rust_mozprofilePclC3o"
1577160807414	addons.webextension.screenshots@mozilla.org	WARN	Loading extension 'screenshots@mozilla.org': Reading manifest: Invalid extension permission: mozillaAddons
1577160807414	addons.webextension.screenshots@mozilla.org	WARN	Loading extension 'screenshots@mozilla.org': Reading manifest: Invalid extension permission: telemetry
1577160807414	addons.webextension.screenshots@mozilla.org	WARN	Loading extension 'screenshots@mozilla.org': Reading manifest: Invalid extension permission: resource://pdf.js/
1577160807414	addons.webextension.screenshots@mozilla.org	WARN	Loading extension 'screenshots@mozilla.org': Reading manifest: Invalid extension permission: about:reader*
1577160811030	Marionette	INFO	Listening on port 46223
1577160811133	Marionette	WARN	TLS certificate errors will be ignored for this session
JavaScript error: https://start.fedoraproject.org/, line 292: TypeError: $(...).uls is not a function
Attempting load of libEGL.so
[Parent 29482, Gecko_IOThread] WARNING: pipe error: Broken pipe: file /builddir/build/BUILD/firefox-71.0/ipc/chromium/src/chrome/common/ipc_channel_posix.cc, line 728
1577160822316	mozrunner::runner	INFO	Running command: "/usr/bin/firefox" "-marionette" "-foreground" "-no-remote" "-profile" "/tmp/rust_mozprofilevMe0b0"
1577160823040	addons.webextension.screenshots@mozilla.org	WARN	Loading extension 'screenshots@mozilla.org': Reading manifest: Invalid extension permission: mozillaAddons
1577160823040	addons.webextension.screenshots@mozilla.org	WARN	Loading extension 'screenshots@mozilla.org': Reading manifest: Invalid extension permission: telemetry
1577160823041	addons.webextension.screenshots@mozilla.org	WARN	Loading extension 'screenshots@mozilla.org': Reading manifest: Invalid extension permission: resource://pdf.js/
1577160823041	addons.webextension.screenshots@mozilla.org	WARN	Loading extension 'screenshots@mozilla.org': Reading manifest: Invalid extension permission: about:reader*
1577160826181	Marionette	INFO	Listening on port 32871
1577160826259	Marionette	WARN	TLS certificate errors will be ignored for this session
Attempting load of libEGL.so
[Parent 29771, Gecko_IOThread] WARNING: pipe error: Broken pipe: file /builddir/build/BUILD/firefox-71.0/ipc/chromium/src/chrome/common/ipc_channel_posix.cc, line 728
1577160833294	mozrunner::runner	INFO	Running command: "/usr/bin/firefox" "-marionette" "-foreground" "-no-remote" "-profile" "/tmp/rust_mozprofile0vtj2a"
1577160833998	addons.webextension.screenshots@mozilla.org	WARN	Loading extension 'screenshots@mozilla.org': Reading manifest: Invalid extension permission: mozillaAddons
1577160833998	addons.webextension.screenshots@mozilla.org	WARN	Loading extension 'screenshots@mozilla.org': Reading manifest: Invalid extension permission: telemetry
1577160833998	addons.webextension.screenshots@mozilla.org	WARN	Loading extension 'screenshots@mozilla.org': Reading manifest: Invalid extension permission: resource://pdf.js/
1577160833998	addons.webextension.screenshots@mozilla.org	WARN	Loading extension 'screenshots@mozilla.org': Reading manifest: Invalid extension permission: about:reader*
1577160838237	Marionette	INFO	Listening on port 36133
1577160838347	Marionette	WARN	TLS certificate errors will be ignored for this session
JavaScript error: https://start.fedoraproject.org/, line 292: TypeError: $(...).uls is not a function
Attempting load of libEGL.so
IPDL protocol error: Handler returned error code!

###!!! [Parent][DispatchAsyncMessage] Error: PLayerTransaction::Msg_ReleaseLayer Processing error: message was deserialized, but the handler returned false (indicating failure)

IPDL protocol error: Handler returned error code!

###!!! [Parent][DispatchAsyncMessage] Error: PLayerTransaction::Msg_ReleaseLayer Processing error: message was deserialized, but the handler returned false (indicating failure)

[Parent 28955, Gecko_IOThread] WARNING: pipe error (93): Connection reset by peer: file /builddir/build/BUILD/firefox-71.0/ipc/chromium/src/chrome/common/ipc_channel_posix.cc, line 358
1577160841408	Marionette	INFO	Stopped listening on port 41169
1577160843295	Marionette	INFO	Stopped listening on port 46223
[Parent 30027, Gecko_IOThread] WARNING: pipe error: Broken pipe: file /builddir/build/BUILD/firefox-71.0/ipc/chromium/src/chrome/common/ipc_channel_posix.cc, line 728
IPDL protocol error: Handler returned error code!

###!!! [Parent][DispatchAsyncMessage] Error: PLayerTransaction::Msg_ReleaseLayer Processing error: message was deserialized, but the handler returned false (indicating failure)

IPDL protocol error: Handler returned error code!

###!!! [Parent][DispatchAsyncMessage] Error: PLayerTransaction::Msg_ReleaseLayer Processing error: message was deserialized, but the handler returned false (indicating failure)

1577160846125	mozrunner::runner	INFO	Running command: "/usr/bin/firefox" "-marionette" "-foreground" "-no-remote" "-profile" "/tmp/rust_mozprofile47E7Ct"
1577160846695	Marionette	INFO	Stopped listening on port 35849
1577160846974	addons.webextension.screenshots@mozilla.org	WARN	Loading extension 'screenshots@mozilla.org': Reading manifest: Invalid extension permission: mozillaAddons
1577160846974	addons.webextension.screenshots@mozilla.org	WARN	Loading extension 'screenshots@mozilla.org': Reading manifest: Invalid extension permission: telemetry
1577160846974	addons.webextension.screenshots@mozilla.org	WARN	Loading extension 'screenshots@mozilla.org': Reading manifest: Invalid extension permission: resource://pdf.js/
1577160846974	addons.webextension.screenshots@mozilla.org	WARN	Loading extension 'screenshots@mozilla.org': Reading manifest: Invalid extension permission: about:reader*
1577160850042	Marionette	INFO	Listening on port 45967
1577160850153	Marionette	WARN	TLS certificate errors will be ignored for this session
1577160850783	Marionette	INFO	Stopped listening on port 36133
1577160851064	Marionette	INFO	Stopped listening on port 32871
1577160857165	Marionette	INFO	Stopped listening on port 45967
1577160879550	mozrunner::runner	INFO	Running command: "/usr/bin/firefox" "-marionette" "-foreground" "-no-remote" "-profile" "/tmp/rust_mozprofileJ1q94K"
1577160880237	addons.webextension.screenshots@mozilla.org	WARN	Loading extension 'screenshots@mozilla.org': Reading manifest: Invalid extension permission: mozillaAddons
1577160880237	addons.webextension.screenshots@mozilla.org	WARN	Loading extension 'screenshots@mozilla.org': Reading manifest: Invalid extension permission: telemetry
1577160880238	addons.webextension.screenshots@mozilla.org	WARN	Loading extension 'screenshots@mozilla.org': Reading manifest: Invalid extension permission: resource://pdf.js/
1577160880238	addons.webextension.screenshots@mozilla.org	WARN	Loading extension 'screenshots@mozilla.org': Reading manifest: Invalid extension permission: about:reader*
1577160882750	Marionette	INFO	Listening on port 39029
1577160882987	Marionette	WARN	TLS certificate errors will be ignored for this session
Attempting load of libEGL.so
[Parent 30595, Gecko_IOThread] WARNING: pipe error: Broken pipe: file /builddir/build/BUILD/firefox-71.0/ipc/chromium/src/chrome/common/ipc_channel_posix.cc, line 728
1577160900286	mozrunner::runner	INFO	Running command: "/usr/bin/firefox" "-marionette" "-foreground" "-no-remote" "-profile" "/tmp/rust_mozprofileoJY9eX"
1577160900972	addons.webextension.screenshots@mozilla.org	WARN	Loading extension 'screenshots@mozilla.org': Reading manifest: Invalid extension permission: mozillaAddons
1577160900972	addons.webextension.screenshots@mozilla.org	WARN	Loading extension 'screenshots@mozilla.org': Reading manifest: Invalid extension permission: telemetry
1577160900972	addons.webextension.screenshots@mozilla.org	WARN	Loading extension 'screenshots@mozilla.org': Reading manifest: Invalid extension permission: resource://pdf.js/
1577160900973	addons.webextension.screenshots@mozilla.org	WARN	Loading extension 'screenshots@mozilla.org': Reading manifest: Invalid extension permission: about:reader*
1577160903444	Marionette	INFO	Listening on port 37063
1577160903603	Marionette	WARN	TLS certificate errors will be ignored for this session
Attempting load of libEGL.so
[Parent 30847, Gecko_IOThread] WARNING: pipe error: Broken pipe: file /builddir/build/BUILD/firefox-71.0/ipc/chromium/src/chrome/common/ipc_channel_posix.cc, line 728
1577160916539	mozrunner::runner	INFO	Running command: "/usr/bin/firefox" "-marionette" "-foreground" "-no-remote" "-profile" "/tmp/rust_mozprofileksDoKx"
1577160917227	addons.webextension.screenshots@mozilla.org	WARN	Loading extension 'screenshots@mozilla.org': Reading manifest: Invalid extension permission: mozillaAddons
1577160917228	addons.webextension.screenshots@mozilla.org	WARN	Loading extension 'screenshots@mozilla.org': Reading manifest: Invalid extension permission: telemetry
1577160917228	addons.webextension.screenshots@mozilla.org	WARN	Loading extension 'screenshots@mozilla.org': Reading manifest: Invalid extension permission: resource://pdf.js/
1577160917228	addons.webextension.screenshots@mozilla.org	WARN	Loading extension 'screenshots@mozilla.org': Reading manifest: Invalid extension permission: about:reader*
1577160919827	Marionette	INFO	Listening on port 43277
1577160919877	Marionette	WARN	TLS certificate errors will be ignored for this session
Attempting load of libEGL.so
1577160930152	mozrunner::runner	INFO	Running command: "/usr/bin/firefox" "-marionette" "-foreground" "-no-remote" "-profile" "/tmp/rust_mozprofilecGuGvo"
1577160930877	addons.webextension.screenshots@mozilla.org	WARN	Loading extension 'screenshots@mozilla.org': Reading manifest: Invalid extension permission: mozillaAddons
1577160930877	addons.webextension.screenshots@mozilla.org	WARN	Loading extension 'screenshots@mozilla.org': Reading manifest: Invalid extension permission: telemetry
1577160930877	addons.webextension.screenshots@mozilla.org	WARN	Loading extension 'screenshots@mozilla.org': Reading manifest: Invalid extension permission: resource://pdf.js/
1577160930878	addons.webextension.screenshots@mozilla.org	WARN	Loading extension 'screenshots@mozilla.org': Reading manifest: Invalid extension permission: about:reader*
1577160933537	Marionette	INFO	Listening on port 39173
1577160933581	Marionette	WARN	TLS certificate errors will be ignored for this session
Attempting load of libEGL.so
[Parent 31345, Gecko_IOThread] WARNING: pipe error: Broken pipe: file /builddir/build/BUILD/firefox-71.0/ipc/chromium/src/chrome/common/ipc_channel_posix.cc, line 728
1577160938747	mozrunner::runner	INFO	Running command: "/usr/bin/firefox" "-marionette" "-foreground" "-no-remote" "-profile" "/tmp/rust_mozprofilefNC2jM"
1577160939559	addons.webextension.screenshots@mozilla.org	WARN	Loading extension 'screenshots@mozilla.org': Reading manifest: Invalid extension permission: mozillaAddons
1577160939559	addons.webextension.screenshots@mozilla.org	WARN	Loading extension 'screenshots@mozilla.org': Reading manifest: Invalid extension permission: telemetry
1577160939559	addons.webextension.screenshots@mozilla.org	WARN	Loading extension 'screenshots@mozilla.org': Reading manifest: Invalid extension permission: resource://pdf.js/
1577160939559	addons.webextension.screenshots@mozilla.org	WARN	Loading extension 'screenshots@mozilla.org': Reading manifest: Invalid extension permission: about:reader*
1577160942286	Marionette	INFO	Listening on port 44703
1577160942475	Marionette	WARN	TLS certificate errors will be ignored for this session
Attempting load of libEGL.so
[Parent 31592, Gecko_IOThread] WARNING: pipe error: Broken pipe: file /builddir/build/BUILD/firefox-71.0/ipc/chromium/src/chrome/common/ipc_channel_posix.cc, line 728
1577160957255	Marionette	INFO	Stopped listening on port 39029
[Parent 31096, Gecko_IOThread] WARNING: pipe error (80): Connection reset by peer: file /builddir/build/BUILD/firefox-71.0/ipc/chromium/src/chrome/common/ipc_channel_posix.cc, line 358
[Parent 31096, Gecko_IOThread] WARNING: pipe error (82): Connection reset by peer: file /builddir/build/BUILD/firefox-71.0/ipc/chromium/src/chrome/common/ipc_channel_posix.cc, line 358
1577160958186	Marionette	INFO	Stopped listening on port 43277
1577160959705	Marionette	INFO	Stopped listening on port 37063
1577160960071	Marionette	INFO	Stopped listening on port 44703
1577160964593	Marionette	INFO	Stopped listening on port 39173
